<?xml version="1.0" encoding="UTF-8"?>
<coverage generated="1369044212">
  <project timestamp="1369044212">
    <package name="BoilerAppUser\Controller">
      <file name="C:\Users\emilien\workspace-zf2\app-user\src\BoilerAppUser/Controller/UserAccountController.php">
        <class name="UserAccountController" namespace="BoilerAppUser\Controller">
          <metrics methods="5" coveredmethods="5" conditionals="0" coveredconditionals="0" statements="28" coveredstatements="28" elements="33" coveredelements="33"/>
        </class>
        <line num="9" type="method" name="indexAction" crap="1" count="1"/>
        <line num="11" type="stmt" count="1"/>
        <line num="12" type="stmt" count="1"/>
        <line num="19" type="method" name="deleteAccountAction" crap="1" count="1"/>
        <line num="20" type="stmt" count="1"/>
        <line num="21" type="stmt" count="1"/>
        <line num="22" type="stmt" count="1"/>
        <line num="30" type="method" name="changeAvatarAction" crap="7" count="2"/>
        <line num="31" type="stmt" count="2"/>
        <line num="32" type="stmt" count="1"/>
        <line num="35" type="stmt" count="2"/>
        <line num="37" type="stmt" count="2"/>
        <line num="38" type="stmt" count="2"/>
        <line num="39" type="stmt" count="2"/>
        <line num="40" type="stmt" count="2"/>
        <line num="41" type="stmt" count="2"/>
        <line num="42" type="stmt" count="2"/>
        <line num="50" type="method" name="changeDisplayNameAction" crap="6" count="2"/>
        <line num="51" type="stmt" count="2"/>
        <line num="54" type="stmt" count="2"/>
        <line num="56" type="stmt" count="2"/>
        <line num="57" type="stmt" count="2"/>
        <line num="58" type="stmt" count="2"/>
        <line num="59" type="stmt" count="2"/>
        <line num="60" type="stmt" count="2"/>
        <line num="61" type="stmt" count="2"/>
        <line num="69" type="method" name="checkDisplayNameAvailabilityAction" crap="3" count="1"/>
        <line num="70" type="stmt" count="1"/>
        <line num="71" type="stmt" count="1"/>
        <line num="72" type="stmt" count="1"/>
        <line num="73" type="stmt" count="1"/>
        <line num="74" type="stmt" count="1"/>
        <line num="75" type="stmt" count="1"/>
        <metrics loc="76" ncloc="47" classes="1" methods="5" coveredmethods="5" conditionals="0" coveredconditionals="0" statements="28" coveredstatements="28" elements="33" coveredelements="33"/>
      </file>
    </package>
    <package name="BoilerAppUser\Entity">
      <file name="C:\Users\emilien\workspace-zf2\app-user\src\BoilerAppUser/Entity/UserEntity.php">
        <class name="UserEntity" namespace="BoilerAppUser\Entity">
          <metrics methods="6" coveredmethods="6" conditionals="0" coveredconditionals="0" statements="8" coveredstatements="8" elements="14" coveredelements="14"/>
        </class>
        <line num="32" type="method" name="getUserId" crap="1" count="3"/>
        <line num="33" type="stmt" count="3"/>
        <line num="40" type="method" name="setUserDisplayName" crap="1" count="10"/>
        <line num="41" type="stmt" count="10"/>
        <line num="42" type="stmt" count="10"/>
        <line num="48" type="method" name="getUserDisplayName" crap="1" count="4"/>
        <line num="49" type="stmt" count="4"/>
        <line num="56" type="method" name="setUserAuthAccess" crap="1" count="3"/>
        <line num="57" type="stmt" count="3"/>
        <line num="58" type="stmt" count="3"/>
        <line num="64" type="method" name="getUserAuthAccess" crap="1" count="2"/>
        <line num="65" type="stmt" count="2"/>
        <line num="71" type="method" name="getUserEmail" crap="1" count="1"/>
        <line num="72" type="stmt" count="1"/>
        <metrics loc="73" ncloc="35" classes="1" methods="6" coveredmethods="6" conditionals="0" coveredconditionals="0" statements="8" coveredstatements="8" elements="14" coveredelements="14"/>
      </file>
    </package>
    <package name="BoilerAppUser\Factory">
      <file name="C:\Users\emilien\workspace-zf2\app-user\src\BoilerAppUser/Factory/ChangeUserAvatarFormFactory.php">
        <class name="ChangeUserAvatarFormFactory" namespace="BoilerAppUser\Factory">
          <metrics methods="1" coveredmethods="1" conditionals="0" coveredconditionals="0" statements="2" coveredstatements="2" elements="3" coveredelements="3"/>
        </class>
        <line num="10" type="method" name="createService" crap="1" count="2"/>
        <line num="11" type="stmt" count="2"/>
        <line num="12" type="stmt" count="2"/>
        <line num="179" type="stmt" count="2"/>
        <metrics loc="13" ncloc="8" classes="1" methods="1" coveredmethods="1" conditionals="0" coveredconditionals="0" statements="2" coveredstatements="2" elements="3" coveredelements="3"/>
      </file>
      <file name="C:\Users\emilien\workspace-zf2\app-user\src\BoilerAppUser/Factory/ChangeUserDisplayNameFormFactory.php">
        <class name="ChangeUserDisplayNameFormFactory" namespace="BoilerAppUser\Factory">
          <metrics methods="1" coveredmethods="1" conditionals="0" coveredconditionals="0" statements="4" coveredstatements="4" elements="5" coveredelements="5"/>
        </class>
        <line num="9" type="method" name="createService" crap="1" count="2"/>
        <line num="10" type="stmt" count="2"/>
        <line num="11" type="stmt" count="2"/>
        <line num="12" type="stmt" count="2"/>
        <line num="13" type="stmt" count="2"/>
        <line num="179" type="stmt" count="2"/>
        <metrics loc="14" ncloc="9" classes="1" methods="1" coveredmethods="1" conditionals="0" coveredconditionals="0" statements="4" coveredstatements="4" elements="5" coveredelements="5"/>
      </file>
      <file name="C:\Users\emilien\workspace-zf2\app-user\src\BoilerAppUser/Factory/UserAccountServiceFactory.php">
        <class name="UserAccountServiceFactory" namespace="BoilerAppUser\Factory">
          <metrics methods="1" coveredmethods="1" conditionals="0" coveredconditionals="0" statements="2" coveredstatements="2" elements="3" coveredelements="3"/>
        </class>
        <line num="4" type="method" name="createService" crap="1" count="3"/>
        <line num="5" type="stmt" count="3"/>
        <line num="6" type="stmt" count="3"/>
        <metrics loc="7" ncloc="7" classes="1" methods="1" coveredmethods="1" conditionals="0" coveredconditionals="0" statements="2" coveredstatements="2" elements="3" coveredelements="3"/>
      </file>
      <file name="C:\Users\emilien\workspace-zf2\app-user\src\BoilerAppUser/Factory/UserAvatarHelperFactory.php">
        <class name="UserAvatarHelperFactory" namespace="BoilerAppUser\Factory">
          <metrics methods="1" coveredmethods="1" conditionals="0" coveredconditionals="0" statements="4" coveredstatements="4" elements="5" coveredelements="5"/>
        </class>
        <line num="4" type="method" name="createService" crap="2" count="2"/>
        <line num="5" type="stmt" count="2"/>
        <line num="6" type="stmt" count="2"/>
        <line num="7" type="stmt" count="2"/>
        <line num="8" type="stmt" count="2"/>
        <metrics loc="9" ncloc="9" classes="1" methods="1" coveredmethods="1" conditionals="0" coveredconditionals="0" statements="4" coveredstatements="4" elements="5" coveredelements="5"/>
      </file>
      <file name="C:\Users\emilien\workspace-zf2\app-user\src\BoilerAppUser/Factory/UserServiceFactory.php">
        <class name="UserServiceFactory" namespace="BoilerAppUser\Factory">
          <metrics methods="1" coveredmethods="1" conditionals="0" coveredconditionals="0" statements="2" coveredstatements="2" elements="3" coveredelements="3"/>
        </class>
        <line num="4" type="method" name="createService" crap="1" count="1"/>
        <line num="5" type="stmt" count="1"/>
        <line num="6" type="stmt" count="1"/>
        <metrics loc="7" ncloc="7" classes="1" methods="1" coveredmethods="1" conditionals="0" coveredconditionals="0" statements="2" coveredstatements="2" elements="3" coveredelements="3"/>
      </file>
    </package>
    <package name="BoilerAppUser\Form">
      <file name="C:\Users\emilien\workspace-zf2\app-user\src\BoilerAppUser/Form/ChangeUserAvatarForm.php">
        <class name="ChangeUserAvatarForm" namespace="BoilerAppUser\Form">
          <metrics methods="1" coveredmethods="1" conditionals="0" coveredconditionals="0" statements="17" coveredstatements="17" elements="18" coveredelements="18"/>
        </class>
        <line num="10" type="method" name="__construct" crap="1" count="2"/>
        <line num="11" type="stmt" count="2"/>
        <line num="12" type="stmt" count="2"/>
        <line num="13" type="stmt" count="2"/>
        <line num="14" type="stmt" count="2"/>
        <line num="16" type="stmt" count="2"/>
        <line num="17" type="stmt" count="2"/>
        <line num="19" type="stmt" count="2"/>
        <line num="22" type="stmt" count="2"/>
        <line num="23" type="stmt" count="2"/>
        <line num="24" type="stmt" count="2"/>
        <line num="25" type="stmt" count="2"/>
        <line num="27" type="stmt" count="2"/>
        <line num="28" type="stmt" count="2"/>
        <line num="30" type="stmt" count="2"/>
        <line num="31" type="stmt" count="2"/>
        <line num="32" type="stmt" count="2"/>
        <line num="33" type="stmt" count="2"/>
        <metrics loc="33" ncloc="28" classes="1" methods="1" coveredmethods="1" conditionals="0" coveredconditionals="0" statements="17" coveredstatements="17" elements="18" coveredelements="18"/>
      </file>
      <file name="C:\Users\emilien\workspace-zf2\app-user\src\BoilerAppUser/Form/ChangeUserDisplayNameForm.php">
        <class name="ChangeUserDisplayNameForm" namespace="BoilerAppUser\Form">
          <metrics methods="1" coveredmethods="1" conditionals="0" coveredconditionals="0" statements="18" coveredstatements="18" elements="19" coveredelements="19"/>
        </class>
        <line num="10" type="method" name="__construct" crap="1" count="2"/>
        <line num="11" type="stmt" count="2"/>
        <line num="12" type="stmt" count="2"/>
        <line num="13" type="stmt" count="2"/>
        <line num="15" type="stmt" count="2"/>
        <line num="16" type="stmt" count="2"/>
        <line num="17" type="stmt" count="2"/>
        <line num="18" type="stmt" count="2"/>
        <line num="20" type="stmt" count="2"/>
        <line num="23" type="stmt" count="2"/>
        <line num="24" type="stmt" count="2"/>
        <line num="25" type="stmt" count="2"/>
        <line num="26" type="stmt" count="2"/>
        <line num="28" type="stmt" count="2"/>
        <line num="29" type="stmt" count="2"/>
        <line num="31" type="stmt" count="2"/>
        <line num="32" type="stmt" count="2"/>
        <line num="33" type="stmt" count="2"/>
        <line num="34" type="stmt" count="2"/>
        <metrics loc="34" ncloc="29" classes="1" methods="1" coveredmethods="1" conditionals="0" coveredconditionals="0" statements="18" coveredstatements="18" elements="19" coveredelements="19"/>
      </file>
    </package>
    <package name="BoilerAppUser\InputFilter">
      <file name="C:\Users\emilien\workspace-zf2\app-user\src\BoilerAppUser/InputFilter/ChangeUserAvatarInputFilter.php">
        <class name="ChangeUserAvatarInputFilter" namespace="BoilerAppUser\InputFilter">
          <metrics methods="1" coveredmethods="1" conditionals="0" coveredconditionals="0" statements="9" coveredstatements="9" elements="10" coveredelements="10"/>
        </class>
        <line num="7" type="method" name="__construct" crap="1" count="2"/>
        <line num="8" type="stmt" count="2"/>
        <line num="9" type="stmt" count="2"/>
        <line num="10" type="stmt" count="2"/>
        <line num="13" type="stmt" count="2"/>
        <line num="14" type="stmt" count="2"/>
        <line num="15" type="stmt" count="2"/>
        <line num="16" type="stmt" count="2"/>
        <line num="17" type="stmt" count="2"/>
        <line num="18" type="stmt" count="2"/>
        <metrics loc="18" ncloc="15" classes="1" methods="1" coveredmethods="1" conditionals="0" coveredconditionals="0" statements="9" coveredstatements="9" elements="10" coveredelements="10"/>
      </file>
      <file name="C:\Users\emilien\workspace-zf2\app-user\src\BoilerAppUser/InputFilter/ChangeUserDisplayNameInputFilter.php">
        <class name="ChangeUserDisplayNameInputFilter" namespace="BoilerAppUser\InputFilter">
          <metrics methods="1" coveredmethods="1" conditionals="0" coveredconditionals="0" statements="10" coveredstatements="10" elements="11" coveredelements="11"/>
        </class>
        <line num="8" type="method" name="__construct" crap="1" count="2"/>
        <line num="9" type="stmt" count="2"/>
        <line num="10" type="stmt" count="2"/>
        <line num="11" type="stmt" count="2"/>
        <line num="14" type="stmt" count="2"/>
        <line num="16" type="stmt" count="2"/>
        <line num="17" type="stmt" count="2"/>
        <line num="18" type="stmt" count="2"/>
        <line num="19" type="stmt" count="2"/>
        <line num="20" type="stmt" count="2"/>
        <line num="21" type="stmt" count="2"/>
        <metrics loc="21" ncloc="17" classes="1" methods="1" coveredmethods="1" conditionals="0" coveredconditionals="0" statements="10" coveredstatements="10" elements="11" coveredelements="11"/>
      </file>
    </package>
    <package name="BoilerAppUser\Repository">
      <file name="C:\Users\emilien\workspace-zf2\app-user\src\BoilerAppUser/Repository/UserRepository.php">
        <class name="UserRepository" namespace="BoilerAppUser\Repository">
          <metrics methods="1" coveredmethods="1" conditionals="0" coveredconditionals="0" statements="5" coveredstatements="5" elements="6" coveredelements="6"/>
        </class>
        <line num="11" type="method" name="isUserDisplayNameAvailable" crap="4" count="4"/>
        <line num="12" type="stmt" count="4"/>
        <line num="13" type="stmt" count="1"/>
        <line num="14" type="stmt" count="1"/>
        <line num="15" type="stmt" count="1"/>
        <line num="16" type="stmt" count="3"/>
        <metrics loc="17" ncloc="11" classes="1" methods="1" coveredmethods="1" conditionals="0" coveredconditionals="0" statements="5" coveredstatements="5" elements="6" coveredelements="6"/>
      </file>
    </package>
    <package name="BoilerAppUser\Service">
      <file name="C:\Users\emilien\workspace-zf2\app-user\src\BoilerAppUser/Service/UserAccountService.php">
        <class name="UserAccountService" namespace="BoilerAppUser\Service">
          <metrics methods="3" coveredmethods="3" conditionals="0" coveredconditionals="0" statements="37" coveredstatements="37" elements="40" coveredelements="40"/>
        </class>
        <line num="10" type="method" name="removeAuthenticatedUser" crap="1" count="1"/>
        <line num="12" type="stmt" count="1"/>
        <line num="13" type="stmt" count="1"/>
        <line num="25" type="method" name="changeAuthenticatedUserAvatar" crap="17" count="3"/>
        <line num="26" type="stmt" count="3"/>
        <line num="27" type="stmt" count="3"/>
        <line num="29" type="stmt" count="3"/>
        <line num="30" type="stmt" count="3"/>
        <line num="31" type="stmt" count="3"/>
        <line num="32" type="stmt" count="1"/>
        <line num="33" type="stmt" count="1"/>
        <line num="34" type="stmt" count="3"/>
        <line num="35" type="stmt" count="1"/>
        <line num="36" type="stmt" count="1"/>
        <line num="37" type="stmt" count="3"/>
        <line num="38" type="stmt" count="2"/>
        <line num="39" type="stmt" count="2"/>
        <line num="40" type="stmt" count="1"/>
        <line num="41" type="stmt" count="1"/>
        <line num="42" type="stmt" count="3"/>
        <line num="45" type="stmt" count="2"/>
        <line num="47" type="stmt" count="2"/>
        <line num="49" type="stmt" count="2"/>
        <line num="51" type="stmt" count="2"/>
        <line num="52" type="stmt" count="2"/>
        <line num="53" type="stmt" count="2"/>
        <line num="56" type="stmt" count="2"/>
        <line num="57" type="stmt" count="2"/>
        <line num="58" type="stmt" count="2"/>
        <line num="59" type="stmt" count="2"/>
        <line num="60" type="stmt" count="2"/>
        <line num="69" type="method" name="changeAuthenticatedUserDisplayName" crap="4" count="1"/>
        <line num="70" type="stmt" count="1"/>
        <line num="71" type="stmt" count="1"/>
        <line num="73" type="stmt" count="1"/>
        <line num="75" type="stmt" count="1"/>
        <line num="77" type="stmt" count="1"/>
        <line num="78" type="stmt" count="1"/>
        <line num="79" type="stmt" count="1"/>
        <line num="81" type="stmt" count="1"/>
        <metrics loc="82" ncloc="55" classes="1" methods="3" coveredmethods="3" conditionals="0" coveredconditionals="0" statements="37" coveredstatements="37" elements="40" coveredelements="40"/>
      </file>
      <file name="C:\Users\emilien\workspace-zf2\app-user\src\BoilerAppUser/Service/UserService.php">
        <class name="UserService" namespace="BoilerAppUser\Service">
          <metrics methods="2" coveredmethods="2" conditionals="0" coveredconditionals="0" statements="32" coveredstatements="32" elements="34" coveredelements="34"/>
        </class>
        <line num="13" type="method" name="getAvailableUserDisplayName" crap="8" count="3"/>
        <line num="14" type="stmt" count="3"/>
        <line num="15" type="stmt" count="1"/>
        <line num="16" type="stmt" count="1"/>
        <line num="17" type="stmt" count="1"/>
        <line num="20" type="stmt" count="2"/>
        <line num="21" type="stmt" count="2"/>
        <line num="22" type="stmt" count="2"/>
        <line num="23" type="stmt" count="2"/>
        <line num="24" type="stmt" count="2"/>
        <line num="25" type="stmt" count="2"/>
        <line num="26" type="stmt" count="2"/>
        <line num="29" type="stmt" count="2"/>
        <line num="30" type="stmt" count="2"/>
        <line num="31" type="stmt" count="2"/>
        <line num="32" type="stmt" count="2"/>
        <line num="33" type="stmt" count="2"/>
        <line num="34" type="stmt" count="2"/>
        <line num="37" type="stmt" count="1"/>
        <line num="45" type="method" name="isUserDisplayNameAvailable" crap="7" count="3"/>
        <line num="46" type="stmt" count="3"/>
        <line num="47" type="stmt" count="1"/>
        <line num="48" type="stmt" count="1"/>
        <line num="49" type="stmt" count="1"/>
        <line num="52" type="stmt" count="2"/>
        <line num="53" type="stmt" count="2"/>
        <line num="54" type="stmt" count="2"/>
        <line num="55" type="stmt" count="1"/>
        <line num="56" type="stmt" count="1"/>
        <line num="57" type="stmt" count="1"/>
        <line num="59" type="stmt" count="2"/>
        <line num="60" type="stmt" count="2"/>
        <line num="61" type="stmt" count="2"/>
        <line num="62" type="stmt" count="2"/>
        <metrics loc="63" ncloc="43" classes="1" methods="2" coveredmethods="2" conditionals="0" coveredconditionals="0" statements="32" coveredstatements="32" elements="34" coveredelements="34"/>
      </file>
    </package>
    <package name="BoilerAppUser\Validator">
      <file name="C:\Users\emilien\workspace-zf2\app-user\src\BoilerAppUser/Validator/DisplayNameAvailabilityValidator.php">
        <class name="DisplayNameAvailabilityValidator" namespace="BoilerAppUser\Validator">
          <metrics methods="7" coveredmethods="7" conditionals="0" coveredconditionals="0" statements="25" coveredstatements="25" elements="32" coveredelements="32"/>
        </class>
        <line num="31" type="method" name="setCurrentDisplayName" crap="2" count="4"/>
        <line num="32" type="stmt" count="4"/>
        <line num="33" type="stmt" count="1"/>
        <line num="34" type="stmt" count="1"/>
        <line num="35" type="stmt" count="1"/>
        <line num="36" type="stmt" count="3"/>
        <line num="37" type="stmt" count="3"/>
        <line num="43" type="method" name="getCurrentDisplayName" crap="1" count="4"/>
        <line num="44" type="stmt" count="4"/>
        <line num="52" type="method" name="setCheckAvailabilityCallback" crap="1" count="2"/>
        <line num="53" type="stmt" count="2"/>
        <line num="54" type="stmt" count="2"/>
        <line num="60" type="method" name="getCheckAvailabilityCallback" crap="1" count="2"/>
        <line num="61" type="stmt" count="2"/>
        <line num="68" type="method" name="checkAvailability" crap="2" count="2"/>
        <line num="69" type="stmt" count="2"/>
        <line num="70" type="stmt" count="2"/>
        <line num="71" type="stmt" count="2"/>
        <line num="72" type="stmt" count="2"/>
        <line num="80" type="method" name="sameAsCurrentlyUsed" crap="2" count="3"/>
        <line num="81" type="stmt" count="3"/>
        <line num="89" type="method" name="isValid" crap="5" count="4"/>
        <line num="90" type="stmt" count="4"/>
        <line num="91" type="stmt" count="1"/>
        <line num="92" type="stmt" count="1"/>
        <line num="95" type="stmt" count="3"/>
        <line num="97" type="stmt" count="3"/>
        <line num="98" type="stmt" count="1"/>
        <line num="99" type="stmt" count="1"/>
        <line num="101" type="stmt" count="2"/>
        <line num="102" type="stmt" count="1"/>
        <line num="103" type="stmt" count="1"/>
        <metrics loc="104" ncloc="67" classes="1" methods="7" coveredmethods="7" conditionals="0" coveredconditionals="0" statements="25" coveredstatements="25" elements="32" coveredelements="32"/>
      </file>
    </package>
    <package name="BoilerAppUser\View\Helper">
      <file name="C:\Users\emilien\workspace-zf2\app-user\src\BoilerAppUser/View/Helper/UserAvatarHelper.php">
        <class name="UserAvatarHelper" namespace="BoilerAppUser\View\Helper">
          <metrics methods="3" coveredmethods="3" conditionals="0" coveredconditionals="0" statements="10" coveredstatements="10" elements="13" coveredelements="13"/>
        </class>
        <line num="14" type="method" name="setAvatarsPath" crap="3" count="2"/>
        <line num="15" type="stmt" count="2"/>
        <line num="16" type="stmt" count="2"/>
        <line num="17" type="stmt" count="2"/>
        <line num="18" type="stmt" count="2"/>
        <line num="25" type="method" name="getAvatarsPath" crap="2" count="3"/>
        <line num="26" type="stmt" count="3"/>
        <line num="27" type="stmt" count="2"/>
        <line num="36" type="method" name="__invoke" crap="3" count="3"/>
        <line num="38" type="stmt" count="3"/>
        <line num="39" type="stmt" count="2"/>
        <line num="40" type="stmt" count="2"/>
        <line num="41" type="stmt" count="2"/>
        <metrics loc="42" ncloc="24" classes="1" methods="3" coveredmethods="3" conditionals="0" coveredconditionals="0" statements="10" coveredstatements="10" elements="13" coveredelements="13"/>
      </file>
    </package>
    <metrics files="16" loc="613" ncloc="411" classes="16" methods="36" coveredmethods="36" conditionals="0" coveredconditionals="0" statements="213" coveredstatements="213" elements="249" coveredelements="249"/>
  </project>
</coverage>
